<?xml version="1.0" encoding="UTF-8"?>
<!-- Generated by org.testng.reporters.JUnitReportReporter -->
<testsuite hostname="DESKTOP-BL08O2D" failures="0" tests="2" name="samplePack.SampleContact" time="0.026" errors="0" timestamp="2024-11-13T17:39:31 IST" skipped="0">
  <testcase classname="samplePack.SampleContact" name="sampleDemo1" time="0.008"/>
  <system-out/>
  <testcase classname="samplePack.SampleContact" name="sampleDemo" time="0.018"/>
  <system-out/>
</testsuite> <!-- samplePack.SampleContact -->
